<?xml version="1.0" encoding="UTF-8"?>
<!-- Generated by org.testng.reporters.JUnitReportReporter -->
<testsuite skipped="0" hostname="DESKTOP-7IHRSOT" name="MavenScript" tests="2" failures="0" timestamp="2021-01-16T00:35:39 IST" time="10.746" errors="0">
  <testcase name="login" time="9.684" classname="MavenScript"/>
  <system-out/>
  <testcase name="logOut" time="1.062" classname="MavenScript"/>
  <system-out/>
</testsuite> <!-- MavenScript -->
