<?xml version="1.0" encoding="UTF-8"?>
<!-- Generated by org.testng.reporters.JUnitReportReporter -->
<testsuite skipped="0" hostname="DESKTOP-7IHRSOT" name="MavenScript" tests="2" failures="0" timestamp="2021-01-15T23:17:23 IST" time="11.043" errors="0">
  <testcase name="login" time="9.849" classname="MavenScript"/>
  <system-out/>
  <testcase name="logOut" time="1.194" classname="MavenScript"/>
  <system-out/>
</testsuite> <!-- MavenScript -->
